[I 16:28:11.068 NotebookApp] Writing notebook server cookie secret to /run/user/1000/jupyter/notebook_cookie_secret
[W 16:28:11.299 NotebookApp] Error loading server extension jupyterlab
    Traceback (most recent call last):
      File "/opt/anaconda3/envs/torch/lib/python3.7/site-packages/notebook/notebookapp.py", line 1572, in init_server_extensions
        mod = importlib.import_module(modulename)
      File "/opt/anaconda3/envs/torch/lib/python3.7/importlib/__init__.py", line 127, in import_module
        return _bootstrap._gcd_import(name[level:], package, level)
      File "<frozen importlib._bootstrap>", line 1006, in _gcd_import
      File "<frozen importlib._bootstrap>", line 983, in _find_and_load
      File "<frozen importlib._bootstrap>", line 965, in _find_and_load_unlocked
    ModuleNotFoundError: No module named 'jupyterlab'
[I 16:28:11.300 NotebookApp] Serving notebooks from local directory: /home/chrislu/pyProject/gan/jupyter
[I 16:28:11.300 NotebookApp] The Jupyter Notebook is running at:
[I 16:28:11.300 NotebookApp] http://localhost:8888/?token=8b20b8bd7b7c5da9d5dfbdb3eb5977572bb7810c985e2af7
[I 16:28:11.300 NotebookApp] Use Control-C to stop this server and shut down all kernels (twice to skip confirmation).
[C 16:28:11.361 NotebookApp] 
    
    To access the notebook, open this file in a browser:
        file:///run/user/1000/jupyter/nbserver-25882-open.html
    Or copy and paste one of these URLs:
        http://localhost:8888/?token=8b20b8bd7b7c5da9d5dfbdb3eb5977572bb7810c985e2af7
[I 16:28:23.305 NotebookApp] Creating new notebook in 
[I 16:28:23.541 NotebookApp] Writing notebook-signing key to /home/chrislu/.local/share/jupyter/notebook_secret
[I 16:28:24.924 NotebookApp] Kernel started: 4f20897b-55ce-4405-aafc-e5e51bf734a6
[I 16:28:25.768 NotebookApp] Adapting to protocol v5.1 for kernel 4f20897b-55ce-4405-aafc-e5e51bf734a6
[W 16:28:36.650 NotebookApp] 404 GET /api/contents/gan.ipynb?type=notebook&content=0&_=1553416104303 (127.0.0.1): No such file or directory: gan.ipynb
[W 16:28:36.650 NotebookApp] No such file or directory: gan.ipynb
[W 16:28:36.651 NotebookApp] 404 GET /api/contents/gan.ipynb?type=notebook&content=0&_=1553416104303 (127.0.0.1) 1.96ms referer=http://localhost:8888/notebooks/Untitled.ipynb?kernel_name=python3
[I 16:28:36.672 NotebookApp] Uploading file to /gan.ipynb
[I 16:30:27.641 NotebookApp] Saving file at /gan.ipynb
[I 16:32:24.924 NotebookApp] Saving file at /gan.ipynb
[I 16:34:24.941 NotebookApp] Saving file at /gan.ipynb
[I 20:54:15.632 NotebookApp] Saving file at /gan.ipynb
[I 20:54:16.738 NotebookApp] Saving file at /gan.ipynb
[I 20:54:21.932 NotebookApp] Saving file at /gan.ipynb
[I 20:54:23.084 NotebookApp] Saving file at /gan.ipynb
[I 20:54:25.091 NotebookApp] Starting buffering for 4f20897b-55ce-4405-aafc-e5e51bf734a6:9ddefb108b204131b52e9786446f6ed1
[C 20:55:40.182 NotebookApp] received signal 15, stopping
[I 20:55:40.182 NotebookApp] Shutting down 1 kernel
[I 20:55:40.485 NotebookApp] Kernel shutdown: 4f20897b-55ce-4405-aafc-e5e51bf734a6
